<?xml version="1.0" encoding="UTF-8"?>
<!-- Generated by org.testng.reporters.JUnitReportReporter -->
<testsuite hostname="DESKTOP-L7E7ROD" failures="0" tests="1" name="practise.PatternTest" time="0.009" errors="0" timestamp="2023-07-12T12:12:43 IST" skipped="0">
  <testcase classname="practise.PatternTest" name="test2" time="0.009"/>
  <system-out/>
</testsuite> <!-- practise.PatternTest -->
