<?xml version="1.0" encoding="UTF-8"?>
<!-- Generated by org.testng.reporters.JUnitReportReporter -->
<testsuite hostname="DESKTOP-L7E7ROD" failures="0" tests="1" name="practise.BigBas" time="113.426" errors="0" timestamp="2023-07-03T14:06:54 IST" skipped="0">
  <testcase classname="practise.BigBas" name="test3" time="113.426"/>
  <system-out/>
</testsuite> <!-- practise.BigBas -->
