<?xml version="1.0" encoding="UTF-8"?>
<!-- Generated by org.testng.reporters.JUnitReportReporter -->
<testsuite hostname="DESKTOP-L7E7ROD" failures="0" tests="1" name="testExecution.Inter" time="8.406" errors="0" timestamp="2023-07-21T13:00:57 IST" skipped="0">
  <testcase classname="testExecution.Inter" name="javaTest" time="8.406"/>
  <system-out/>
</testsuite> <!-- testExecution.Inter -->
