<?xml version="1.0" encoding="UTF-8"?>
<!-- Generated by org.testng.reporters.JUnitReportReporter -->
<testsuite hostname="DESKTOP-L7E7ROD" failures="0" tests="1" name="practise.RajaInterView" time="5.113" errors="0" timestamp="2023-06-09T17:37:39 IST" skipped="0">
  <testcase classname="practise.RajaInterView" name="test7" time="5.113"/>
  <system-out/>
</testsuite> <!-- practise.RajaInterView -->
