<?xml version="1.0" encoding="UTF-8"?>
<!-- Generated by org.testng.reporters.JUnitReportReporter -->
<testsuite hostname="DESKTOP-L7E7ROD" failures="0" tests="1" name="practise.JPPattern1" time="0.011" errors="0" timestamp="2023-04-18T12:19:30 IST" skipped="0">
  <testcase classname="practise.JPPattern1" name="test2" time="0.011"/>
  <system-out/>
</testsuite> <!-- practise.JPPattern1 -->
