<?xml version="1.0" encoding="UTF-8"?>
<!-- Generated by org.testng.reporters.JUnitReportReporter -->
<testsuite hostname="DESKTOP-L7E7ROD" failures="0" tests="1" name="practise.checkbox" time="0.071" errors="0" timestamp="2023-07-05T11:26:43 IST" skipped="0">
  <testcase classname="practise.checkbox" name="test" time="0.071"/>
  <system-out/>
</testsuite> <!-- practise.checkbox -->
