<?xml version="1.0" encoding="UTF-8"?>
<!-- Generated by org.testng.reporters.JUnitReportReporter -->
<testsuite hostname="DESKTOP-L7E7ROD" failures="0" tests="1" name="practise.P2" time="0.008" errors="0" timestamp="2023-06-30T17:43:23 IST" skipped="0">
  <testcase classname="practise.P2" name="test" time="0.008"/>
  <system-out/>
</testsuite> <!-- practise.P2 -->
