<?xml version="1.0" encoding="UTF-8"?>
<!-- Generated by org.testng.reporters.JUnitReportReporter -->
<testsuite hostname="DESKTOP-L7E7ROD" failures="0" tests="1" name="testExecution.Example1Test" time="2.004" errors="0" timestamp="2023-07-21T10:13:11 IST" skipped="0">
  <testcase classname="testExecution.Example1Test" name="dataTest" time="2.004"/>
  <system-out>
    <![CDATA[dataTest=======> test script execution started]]>
  </system-out>
</testsuite> <!-- testExecution.Example1Test -->
