<?xml version="1.0" encoding="UTF-8"?>
<!-- Generated by org.testng.reporters.JUnitReportReporter -->
<testsuite hostname="DESKTOP-L7E7ROD" failures="0" tests="1" name="practise.DbDataValidation" time="0.286" errors="0" timestamp="2023-06-29T10:30:57 IST" skipped="0">
  <testcase classname="practise.DbDataValidation" name="DBvalidate" time="0.286"/>
  <system-out/>
</testsuite> <!-- practise.DbDataValidation -->
