<?xml version="1.0" encoding="UTF-8"?>
<!-- Generated by org.testng.reporters.JUnitReportReporter -->
<testsuite hostname="DESKTOP-L7E7ROD" failures="0" tests="1" name="practise.SeleniumGrid_example" time="8.420" errors="0" timestamp="2023-04-12T17:15:34 IST" skipped="0">
  <testcase classname="practise.SeleniumGrid_example" name="test1" time="8.420"/>
  <system-out/>
</testsuite> <!-- practise.SeleniumGrid_example -->
