<?xml version="1.0" encoding="UTF-8"?>
<!-- Generated by org.testng.reporters.JUnitReportReporter -->
<testsuite hostname="DESKTOP-L7E7ROD" failures="0" tests="1" name="practise.JPPattern2" time="0.011" errors="0" timestamp="2023-04-19T09:58:54 IST" skipped="0">
  <testcase classname="practise.JPPattern2" name="test4" time="0.011"/>
  <system-out/>
</testsuite> <!-- practise.JPPattern2 -->
