<?xml version="1.0" encoding="UTF-8"?>
<!-- Generated by org.testng.reporters.JUnitReportReporter -->
<testsuite hostname="DESKTOP-L7E7ROD" failures="0" tests="1" name="testExecution.SampleTab" time="10.495" errors="0" timestamp="2023-07-21T13:06:39 IST" skipped="0">
  <testcase classname="testExecution.SampleTab" name="tab" time="10.495"/>
  <system-out/>
</testsuite> <!-- testExecution.SampleTab -->
