<?xml version="1.0" encoding="UTF-8"?>
<!-- Generated by org.testng.reporters.JUnitReportReporter -->
<testsuite hostname="DESKTOP-L7E7ROD" failures="0" tests="1" name="practise.Properties_6" time="0.010" errors="0" timestamp="2023-07-05T13:23:41 IST" skipped="0">
  <testcase classname="practise.Properties_6" name="commonData" time="0.010"/>
  <system-out/>
</testsuite> <!-- practise.Properties_6 -->
