<?xml version="1.0" encoding="UTF-8"?>
<!-- Generated by org.testng.reporters.JUnitReportReporter -->
<testsuite hostname="DESKTOP-L7E7ROD" failures="0" tests="1" name="practise.Test1" time="7.771" errors="0" timestamp="2023-07-18T12:48:28 IST" skipped="0">
  <testcase classname="practise.Test1" name="test" time="7.771"/>
  <system-out/>
</testsuite> <!-- practise.Test1 -->
