<?xml version="1.0" encoding="UTF-8"?>
<!-- Generated by org.testng.reporters.JUnitReportReporter -->
<testsuite hostname="DESKTOP-L7E7ROD" failures="0" tests="1" name="practise.ShadowElement" time="46.234" errors="0" timestamp="2023-07-18T11:51:54 IST" skipped="0">
  <testcase classname="practise.ShadowElement" name="search" time="46.234"/>
  <system-out/>
</testsuite> <!-- practise.ShadowElement -->
