<?xml version="1.0" encoding="UTF-8"?>
<!-- Generated by org.testng.reporters.JUnitReportReporter -->
<testsuite hostname="DESKTOP-L7E7ROD" failures="0" tests="2" name="testExecution.Example2Test" time="47.195" errors="0" timestamp="2023-07-21T10:13:11 IST" skipped="0">
  <testcase classname="testExecution.Example2Test" name="data1Test" time="45.186"/>
  <system-out>
    <![CDATA[data1Test=======> test script execution started]]>
  </system-out>
  <testcase classname="testExecution.Example2Test" name="data2Test" time="2.009"/>
  <system-out>
    <![CDATA[data2Test=======> test script execution started]]>
  </system-out>
</testsuite> <!-- testExecution.Example2Test -->
