<?xml version="1.0" encoding="UTF-8"?>
<!-- Generated by org.testng.reporters.JUnitReportReporter -->
<testsuite hostname="DESKTOP-L7E7ROD" failures="0" tests="1" name="practise.YouTube" time="12.429" errors="0" timestamp="2023-07-12T10:41:32 IST" skipped="0">
  <testcase classname="practise.YouTube" name="test3" time="12.429"/>
  <system-out/>
</testsuite> <!-- practise.YouTube -->
