<?xml version="1.0" encoding="UTF-8"?>
<!-- Generated by org.testng.reporters.JUnitReportReporter -->
<testsuite hostname="DESKTOP-L7E7ROD" failures="0" tests="1" name="practise.ShadowRootDemo" time="3.022" errors="0" timestamp="2023-04-20T06:41:00 IST" skipped="0">
  <testcase classname="practise.ShadowRootDemo" name="search" time="3.022"/>
  <system-out/>
</testsuite> <!-- practise.ShadowRootDemo -->
