<?xml version="1.0" encoding="UTF-8"?>
<!-- Generated by org.testng.reporters.JUnitReportReporter -->
<testsuite hostname="DESKTOP-L7E7ROD" failures="0" tests="1" name="practise.Frequency" time="0.009" errors="0" timestamp="2023-06-16T13:28:18 IST" skipped="0">
  <testcase classname="practise.Frequency" name="test1" time="0.009"/>
  <system-out/>
</testsuite> <!-- practise.Frequency -->
