<?xml version="1.0" encoding="UTF-8"?>
<!-- Generated by org.testng.reporters.JUnitReportReporter -->
<testsuite hostname="DESKTOP-L7E7ROD" failures="0" tests="1" name="practise.JavaProgram" time="0.009" errors="0" timestamp="2023-07-19T17:54:12 IST" skipped="0">
  <testcase classname="practise.JavaProgram" name="test3" time="0.009"/>
  <system-out/>
</testsuite> <!-- practise.JavaProgram -->
