<?xml version="1.0" encoding="UTF-8"?>
<!-- Generated by org.testng.reporters.JUnitReportReporter -->
<testsuite hostname="DESKTOP-L7E7ROD" failures="0" tests="1" name="practise.SERE" time="3587.488" errors="0" timestamp="2023-04-20T10:30:45 IST" skipped="0">
  <testcase classname="practise.SERE" name="test1" time="3587.488"/>
  <system-out/>
</testsuite> <!-- practise.SERE -->
