<?xml version="1.0" encoding="UTF-8"?>
<!-- Generated by org.testng.reporters.JUnitReportReporter -->
<testsuite hostname="DESKTOP-L7E7ROD" failures="0" tests="1" name="practise.CricbuzzSharma" time="25.185" errors="0" timestamp="2023-06-23T13:17:06 IST" skipped="0">
  <testcase classname="practise.CricbuzzSharma" name="test3" time="25.185"/>
  <system-out/>
</testsuite> <!-- practise.CricbuzzSharma -->
