<?xml version="1.0" encoding="UTF-8"?>
<!-- Generated by org.testng.reporters.JUnitReportReporter -->
<testsuite hostname="DESKTOP-L7E7ROD" failures="0" tests="1" name="practise.Cricbuzz" time="13.388" errors="0" timestamp="2023-06-23T09:53:25 IST" skipped="0">
  <testcase classname="practise.Cricbuzz" name="test3" time="13.388"/>
  <system-out/>
</testsuite> <!-- practise.Cricbuzz -->
