<?xml version="1.0" encoding="UTF-8"?>
<!-- Generated by org.testng.reporters.JUnitReportReporter -->
<testsuite hostname="DESKTOP-L7E7ROD" failures="0" tests="1" name="practise.BrokenLink" time="16.083" errors="0" timestamp="2023-07-18T12:00:53 IST" skipped="0">
  <testcase classname="practise.BrokenLink" name="test2" time="16.083"/>
  <system-out/>
</testsuite> <!-- practise.BrokenLink -->
