<?xml version="1.0" encoding="UTF-8"?>
<!-- Generated by org.testng.reporters.JUnitReportReporter -->
<testsuite hostname="DESKTOP-L7E7ROD" failures="0" tests="1" name="practise.IPhonePriceList" time="20.803" errors="0" timestamp="2023-06-22T17:46:49 IST" skipped="0">
  <testcase classname="practise.IPhonePriceList" name="test3" time="20.803"/>
  <system-out/>
</testsuite> <!-- practise.IPhonePriceList -->
