<?xml version="1.0" encoding="UTF-8"?>
<!-- Generated by org.testng.reporters.JUnitReportReporter -->
<testsuite hostname="DESKTOP-L7E7ROD" failures="0" tests="1" name="practise.ClairVoyantJPP" time="0.012" errors="0" timestamp="2023-07-03T17:10:14 IST" skipped="0">
  <testcase classname="practise.ClairVoyantJPP" name="addNumberInTheString" time="0.012"/>
  <system-out/>
</testsuite> <!-- practise.ClairVoyantJPP -->
