<?xml version="1.0" encoding="UTF-8"?>
<!-- Generated by org.testng.reporters.JUnitReportReporter -->
<testsuite hostname="DESKTOP-L7E7ROD" failures="0" tests="1" name="practise.ExcelData" time="0.753" errors="0" timestamp="2023-07-05T13:04:10 IST" skipped="0">
  <testcase classname="practise.ExcelData" name="readData" time="0.753"/>
  <system-out/>
</testsuite> <!-- practise.ExcelData -->
