<?xml version="1.0" encoding="UTF-8"?>
<!-- Generated by org.testng.reporters.JUnitReportReporter -->
<testsuite hostname="DESKTOP-L7E7ROD" failures="0" tests="1" name="practise.Find_statuscode" time="17.918" errors="0" timestamp="2023-06-21T15:46:56 IST" skipped="0">
  <testcase classname="practise.Find_statuscode" name="test2" time="17.918"/>
  <system-out/>
</testsuite> <!-- practise.Find_statuscode -->
